Codice/SmartFarm/app/build/intermediates/manifest_merge_blame_file/debug/manifest-merger-blame-debug-report.txt
1<?xml version="1.0" encoding="utf-8"?>
2<manifest xmlns:android="http://schemas.android.com/apk/res/android"
3    package="it.unisa.smartfarm"
4    android:versionCode="1"
5    android:versionName="1.0" >
6
7    <uses-sdk
8        android:minSdkVersion="19"
8-->src\main\AndroidManifest.xml
9        android:targetSdkVersion="29" />
9-->src\main\AndroidManifest.xml
10
11    <application
11-->src\main\AndroidManifest.xml:5:5-28:19
12        android:name="androidx.multidex.MultiDexApplication"
13        android:allowBackup="true"
13-->src\main\AndroidManifest.xml:6:9-35
14        android:appComponentFactory="androidx.core.app.CoreComponentFactory"
14-->[androidx.core:core:1.1.0] AndroidManifest.xml:24:18-86
15        android:debuggable="true"
16        android:icon="@mipmap/ic_launcher"
16-->src\main\AndroidManifest.xml:7:9-43
17        android:label="@string/app_name"
17-->src\main\AndroidManifest.xml:8:9-41
18        android:roundIcon="@mipmap/ic_launcher_round"
18-->src\main\AndroidManifest.xml:9:9-54
19        android:supportsRtl="true"
19-->src\main\AndroidManifest.xml:10:9-35
20        android:testOnly="true"
21        android:theme="@style/AppTheme" >
21-->src\main\AndroidManifest.xml:11:9-40
22        <activity android:name="it.unisa.smartfarm.AnalisiDati" />
22-->src\main\AndroidManifest.xml:12:9-48
22-->src\main\AndroidManifest.xml:12:19-46
23        <activity android:name="it.unisa.smartfarm.Coltura" />
23-->src\main\AndroidManifest.xml:13:9-44
23-->src\main\AndroidManifest.xml:13:19-42
24        <activity android:name="it.unisa.smartfarm.Colture" />
24-->src\main\AndroidManifest.xml:14:9-44
24-->src\main\AndroidManifest.xml:14:19-42
25        <activity android:name="it.unisa.smartfarm.Dosaggi" />
25-->src\main\AndroidManifest.xml:15:9-44
25-->src\main\AndroidManifest.xml:15:19-42
26        <activity android:name="it.unisa.smartfarm.Dosaggio" />
26-->src\main\AndroidManifest.xml:16:9-45
26-->src\main\AndroidManifest.xml:16:19-43
27        <activity android:name="it.unisa.smartfarm.HomePage" />
27-->src\main\AndroidManifest.xml:17:9-45
27-->src\main\AndroidManifest.xml:17:19-43
28        <activity android:name="it.unisa.smartfarm.Pianifica" />
28-->src\main\AndroidManifest.xml:18:9-46
28-->src\main\AndroidManifest.xml:18:19-44
29        <activity android:name="it.unisa.smartfarm.Registrazione" />
29-->src\main\AndroidManifest.xml:19:9-50
29-->src\main\AndroidManifest.xml:19:19-48
30        <activity android:name="it.unisa.smartfarm.Storico" />
30-->src\main\AndroidManifest.xml:20:9-44
30-->src\main\AndroidManifest.xml:20:19-42
31        <activity android:name="it.unisa.smartfarm.MainActivity" >
31-->src\main\AndroidManifest.xml:21:9-27:20
31-->src\main\AndroidManifest.xml:21:19-47
32            <intent-filter>
32-->src\main\AndroidManifest.xml:22:13-26:29
33                <action android:name="android.intent.action.MAIN" />
33-->src\main\AndroidManifest.xml:23:17-69
33-->src\main\AndroidManifest.xml:23:25-66
34
35                <category android:name="android.intent.category.LAUNCHER" />
35-->src\main\AndroidManifest.xml:25:17-77
35-->src\main\AndroidManifest.xml:25:27-74
36            </intent-filter>
37        </activity>
38    </application>
39
40</manifest>